<?xml version="1.0" encoding="UTF-8"?>
<!-- Generated by org.testng.reporters.JUnitReportReporter -->
<testsuite hostname="DESKTOP-L8D6NFS" failures="0" tests="1" name="com.Equarz.Testcases.LogOut" time="42.560" errors="0" timestamp="2023-10-20T12:22:28 IST" skipped="0">
  <testcase classname="com.Equarz.Testcases.LogOut" name="signout" time="42.560"/>
</testsuite> <!-- com.Equarz.Testcases.LogOut -->
