<?xml version="1.0" encoding="UTF-8"?>
<!-- Generated by org.testng.reporters.JUnitReportReporter -->
<testsuite hostname="DESKTOP-L8D6NFS" failures="0" tests="1" name="com.Equarz.Testcases.Practice" time="3.302" errors="0" timestamp="2023-10-13T15:48:06 IST" skipped="0">
  <testcase classname="com.Equarz.Testcases.Practice" name="main" time="3.302"/>
</testsuite> <!-- com.Equarz.Testcases.Practice -->
