<?xml version="1.0" encoding="UTF-8"?>
<!-- Generated by org.testng.reporters.JUnitReportReporter -->
<testsuite hostname="DESKTOP-L8D6NFS" failures="0" tests="2" name="com.Equarz.Testcases.LoginTest" time="81.650" errors="0" timestamp="2023-10-12T15:27:46 IST" skipped="0">
  <testcase classname="com.Equarz.Testcases.LoginTest" name="verifylog" time="39.008"/>
  <testcase classname="com.Equarz.Testcases.LoginTest" name="verifyurl" time="42.642"/>
</testsuite> <!-- com.Equarz.Testcases.LoginTest -->
