<?xml version="1.0" encoding="UTF-8"?>
<!-- Generated by org.testng.reporters.JUnitReportReporter -->
<testsuite hostname="DESKTOP-L8D6NFS" failures="0" tests="1" name="com.Equarz.Testcases.AdminBuyProuduct1" time="194.510" errors="0" timestamp="2023-11-17T12:48:12 IST" skipped="0">
  <testcase classname="com.Equarz.Testcases.AdminBuyProuduct1" name="verifyproduct" time="194.510"/>
</testsuite> <!-- com.Equarz.Testcases.AdminBuyProuduct1 -->
